<?xml version="1.0" encoding="UTF-8"?>
<testng-results ignored="0" total="14" passed="11" failed="2" skipped="1">
  <reporter-output>
  </reporter-output>
  <suite started-at="2024-02-18T10:42:13 IST" name="TutorialsNinjaAutomationSuite" finished-at="2024-02-18T10:43:20 IST" duration-ms="66946">
    <groups>
    </groups>
    <test started-at="2024-02-18T10:42:13 IST" name="TutorialNinjaTestcases" finished-at="2024-02-18T10:43:20 IST" duration-ms="66946">
      <class name="com.TutorialNinja.QA.Testcases.SearchProductTest">
        <test-method is-config="true" signature="StartUp()[pri:0, instance:com.TutorialNinja.QA.Testcases.SearchProductTest@7bba5817]" started-at="2024-02-18T10:43:13 IST" name="StartUp" finished-at="2024-02-18T10:43:15 IST" duration-ms="1540" status="PASS">
          <reporter-output>
          </reporter-output>
        </test-method> <!-- StartUp -->
        <test-method signature="VerifySearchWithValidProduct()[pri:1, instance:com.TutorialNinja.QA.Testcases.SearchProductTest@7bba5817]" started-at="2024-02-18T10:43:15 IST" name="VerifySearchWithValidProduct" finished-at="2024-02-18T10:43:15 IST" duration-ms="645" status="PASS">
          <reporter-output>
          </reporter-output>
        </test-method> <!-- VerifySearchWithValidProduct -->
        <test-method is-config="true" signature="tearDown()[pri:0, instance:com.TutorialNinja.QA.Testcases.SearchProductTest@7bba5817]" started-at="2024-02-18T10:43:15 IST" name="tearDown" finished-at="2024-02-18T10:43:16 IST" duration-ms="280" status="PASS">
          <reporter-output>
          </reporter-output>
        </test-method> <!-- tearDown -->
        <test-method is-config="true" signature="StartUp()[pri:0, instance:com.TutorialNinja.QA.Testcases.SearchProductTest@7bba5817]" started-at="2024-02-18T10:43:16 IST" name="StartUp" finished-at="2024-02-18T10:43:17 IST" duration-ms="1637" status="PASS">
          <reporter-output>
          </reporter-output>
        </test-method> <!-- StartUp -->
        <test-method signature="VerifySearchWithInvalidProduct()[pri:2, instance:com.TutorialNinja.QA.Testcases.SearchProductTest@7bba5817]" started-at="2024-02-18T10:43:17 IST" name="VerifySearchWithInvalidProduct" finished-at="2024-02-18T10:43:18 IST" duration-ms="398" status="PASS">
          <reporter-output>
          </reporter-output>
        </test-method> <!-- VerifySearchWithInvalidProduct -->
        <test-method is-config="true" signature="tearDown()[pri:0, instance:com.TutorialNinja.QA.Testcases.SearchProductTest@7bba5817]" started-at="2024-02-18T10:43:18 IST" name="tearDown" finished-at="2024-02-18T10:43:18 IST" duration-ms="247" status="PASS">
          <reporter-output>
          </reporter-output>
        </test-method> <!-- tearDown -->
        <test-method is-config="true" signature="StartUp()[pri:0, instance:com.TutorialNinja.QA.Testcases.SearchProductTest@7bba5817]" started-at="2024-02-18T10:43:18 IST" name="StartUp" finished-at="2024-02-18T10:43:20 IST" duration-ms="1817" status="PASS">
          <reporter-output>
          </reporter-output>
        </test-method> <!-- StartUp -->
        <test-method signature="VerifySearchWithoutenteranyProduct()[pri:3, instance:com.TutorialNinja.QA.Testcases.SearchProductTest@7bba5817]" started-at="2024-02-18T10:43:20 IST" name="VerifySearchWithoutenteranyProduct" finished-at="2024-02-18T10:43:20 IST" duration-ms="290" status="PASS">
          <reporter-output>
          </reporter-output>
        </test-method> <!-- VerifySearchWithoutenteranyProduct -->
        <test-method is-config="true" signature="tearDown()[pri:0, instance:com.TutorialNinja.QA.Testcases.SearchProductTest@7bba5817]" started-at="2024-02-18T10:43:20 IST" name="tearDown" finished-at="2024-02-18T10:43:20 IST" duration-ms="332" status="PASS">
          <reporter-output>
          </reporter-output>
        </test-method> <!-- tearDown -->
      </class> <!-- com.TutorialNinja.QA.Testcases.SearchProductTest -->
      <class name="com.TutorialNinja.QA.Testcases.RegistrationTest">
        <test-method is-config="true" signature="StartUp()[pri:0, instance:com.TutorialNinja.QA.Testcases.RegistrationTest@46cdf8bd]" started-at="2024-02-18T10:42:14 IST" name="StartUp" finished-at="2024-02-18T10:42:20 IST" duration-ms="6217" status="PASS">
          <reporter-output>
          </reporter-output>
        </test-method> <!-- StartUp -->
        <test-method signature="RegistertotheApplicationByFillingAllMandatoryFields()[pri:1, instance:com.TutorialNinja.QA.Testcases.RegistrationTest@46cdf8bd]" started-at="2024-02-18T10:42:20 IST" name="RegistertotheApplicationByFillingAllMandatoryFields" finished-at="2024-02-18T10:42:22 IST" duration-ms="1439" status="PASS">
          <reporter-output>
          </reporter-output>
        </test-method> <!-- RegistertotheApplicationByFillingAllMandatoryFields -->
        <test-method is-config="true" signature="tearDown()[pri:0, instance:com.TutorialNinja.QA.Testcases.RegistrationTest@46cdf8bd]" started-at="2024-02-18T10:42:22 IST" name="tearDown" finished-at="2024-02-18T10:42:22 IST" duration-ms="338" status="PASS">
          <reporter-output>
          </reporter-output>
        </test-method> <!-- tearDown -->
        <test-method is-config="true" signature="StartUp()[pri:0, instance:com.TutorialNinja.QA.Testcases.RegistrationTest@46cdf8bd]" started-at="2024-02-18T10:42:22 IST" name="StartUp" finished-at="2024-02-18T10:42:24 IST" duration-ms="2259" status="PASS">
          <reporter-output>
          </reporter-output>
        </test-method> <!-- StartUp -->
        <test-method signature="RegistertotheApplicationByFillingAllFields()[pri:2, instance:com.TutorialNinja.QA.Testcases.RegistrationTest@46cdf8bd]" started-at="2024-02-18T10:42:24 IST" name="RegistertotheApplicationByFillingAllFields" finished-at="2024-02-18T10:42:26 IST" duration-ms="1510" status="PASS">
          <reporter-output>
          </reporter-output>
        </test-method> <!-- RegistertotheApplicationByFillingAllFields -->
        <test-method is-config="true" signature="tearDown()[pri:0, instance:com.TutorialNinja.QA.Testcases.RegistrationTest@46cdf8bd]" started-at="2024-02-18T10:42:26 IST" name="tearDown" finished-at="2024-02-18T10:42:26 IST" duration-ms="293" status="PASS">
          <reporter-output>
          </reporter-output>
        </test-method> <!-- tearDown -->
        <test-method is-config="true" signature="StartUp()[pri:0, instance:com.TutorialNinja.QA.Testcases.RegistrationTest@46cdf8bd]" started-at="2024-02-18T10:42:26 IST" name="StartUp" finished-at="2024-02-18T10:42:28 IST" duration-ms="2118" status="PASS">
          <reporter-output>
          </reporter-output>
        </test-method> <!-- StartUp -->
        <test-method signature="RegistertotheApplicationByFillingexistingEmailAdrres()[pri:3, instance:com.TutorialNinja.QA.Testcases.RegistrationTest@46cdf8bd]" started-at="2024-02-18T10:42:28 IST" name="RegistertotheApplicationByFillingexistingEmailAdrres" finished-at="2024-02-18T10:42:29 IST" duration-ms="1161" status="PASS">
          <reporter-output>
          </reporter-output>
        </test-method> <!-- RegistertotheApplicationByFillingexistingEmailAdrres -->
        <test-method is-config="true" signature="tearDown()[pri:0, instance:com.TutorialNinja.QA.Testcases.RegistrationTest@46cdf8bd]" started-at="2024-02-18T10:42:29 IST" name="tearDown" finished-at="2024-02-18T10:42:30 IST" duration-ms="303" status="PASS">
          <reporter-output>
          </reporter-output>
        </test-method> <!-- tearDown -->
        <test-method is-config="true" signature="StartUp()[pri:0, instance:com.TutorialNinja.QA.Testcases.RegistrationTest@46cdf8bd]" started-at="2024-02-18T10:42:30 IST" name="StartUp" finished-at="2024-02-18T10:42:32 IST" duration-ms="2001" status="PASS">
          <reporter-output>
          </reporter-output>
        </test-method> <!-- StartUp -->
        <test-method signature="RegistertotheApplicationwithoutfillinganyfield()[pri:4, instance:com.TutorialNinja.QA.Testcases.RegistrationTest@46cdf8bd]" started-at="2024-02-18T10:42:32 IST" name="RegistertotheApplicationwithoutfillinganyfield" finished-at="2024-02-18T10:42:32 IST" duration-ms="576" status="PASS">
          <reporter-output>
          </reporter-output>
        </test-method> <!-- RegistertotheApplicationwithoutfillinganyfield -->
        <test-method is-config="true" signature="tearDown()[pri:0, instance:com.TutorialNinja.QA.Testcases.RegistrationTest@46cdf8bd]" started-at="2024-02-18T10:42:32 IST" name="tearDown" finished-at="2024-02-18T10:42:33 IST" duration-ms="325" status="PASS">
          <reporter-output>
          </reporter-output>
        </test-method> <!-- tearDown -->
      </class> <!-- com.TutorialNinja.QA.Testcases.RegistrationTest -->
      <class name="com.TutorialNinja.QA.Testcases.LoginTest">
        <test-method is-config="true" signature="StartUp()[pri:0, instance:com.TutorialNinja.QA.Testcases.LoginTest@712625fd]" started-at="2024-02-18T10:42:34 IST" name="StartUp" finished-at="2024-02-18T10:42:35 IST" duration-ms="1846" status="PASS">
          <reporter-output>
          </reporter-output>
        </test-method> <!-- StartUp -->
        <test-method signature="LoginintotheApplicationWithValidCredential(java.lang.String,java.lang.String)[pri:1, instance:com.TutorialNinja.QA.Testcases.LoginTest@712625fd]" started-at="2024-02-18T10:42:35 IST" name="LoginintotheApplicationWithValidCredential" data-provider="supplyTestData" finished-at="2024-02-18T10:42:36 IST" duration-ms="820" status="PASS">
          <params>
            <param index="0">
              <value>
                <![CDATA[Sachingowda21mar@gmail.com]]>
              </value>
            </param>
            <param index="1">
              <value>
                <![CDATA[Password@123]]>
              </value>
            </param>
          </params>
          <reporter-output>
          </reporter-output>
        </test-method> <!-- LoginintotheApplicationWithValidCredential -->
        <test-method is-config="true" signature="tearDown()[pri:0, instance:com.TutorialNinja.QA.Testcases.LoginTest@712625fd]" started-at="2024-02-18T10:42:36 IST" name="tearDown" finished-at="2024-02-18T10:42:37 IST" duration-ms="281" status="PASS">
          <reporter-output>
          </reporter-output>
        </test-method> <!-- tearDown -->
        <test-method is-config="true" signature="StartUp()[pri:0, instance:com.TutorialNinja.QA.Testcases.LoginTest@712625fd]" started-at="2024-02-18T10:42:37 IST" name="StartUp" finished-at="2024-02-18T10:42:39 IST" duration-ms="2122" status="PASS">
          <reporter-output>
          </reporter-output>
        </test-method> <!-- StartUp -->
        <test-method signature="LoginintotheApplicationWithValidCredential(java.lang.String,java.lang.String)[pri:1, instance:com.TutorialNinja.QA.Testcases.LoginTest@712625fd]" started-at="2024-02-18T10:42:39 IST" name="LoginintotheApplicationWithValidCredential" data-provider="supplyTestData" finished-at="2024-02-18T10:42:49 IST" duration-ms="10696" status="FAIL">
          <params>
            <param index="0">
              <value>
                <![CDATA[Sachingowda21mar@gmail.com]]>
              </value>
            </param>
            <param index="1">
              <value>
                <![CDATA[12345]]>
              </value>
            </param>
          </params>
          <exception class="org.openqa.selenium.NoSuchElementException">
            <message>
              <![CDATA[no such element: Unable to locate element: {"method":"link text","selector":"Edit your account information"}
  (Session info: chrome=121.0.6167.185)
For documentation on this error, please visit: https://www.selenium.dev/documentation/webdriver/troubleshooting/errors#no-such-element-exception
Build info: version: '4.17.0', revision: 'e52b1be057*'
System info: os.name: 'Windows 11', os.arch: 'amd64', os.version: '10.0', java.version: '17.0.8.1'
Driver info: org.openqa.selenium.chrome.ChromeDriver
Command: [acbe9db9b87a6a76084be7774a7022aa, findElement {value=Edit your account information, using=link text}]
Capabilities {acceptInsecureCerts: false, browserName: chrome, browserVersion: 121.0.6167.185, chrome: {chromedriverVersion: 121.0.6167.184 (057a8ae7deb..., userDataDir: C:\Users\Achiv\AppData\Loca...}, fedcm:accounts: true, goog:chromeOptions: {debuggerAddress: localhost:49395}, networkConnectionEnabled: false, pageLoadStrategy: normal, platformName: windows, proxy: Proxy(), se:cdp: ws://localhost:49395/devtoo..., se:cdpVersion: 121.0.6167.185, setWindowRect: true, strictFileInteractability: false, timeouts: {implicit: 0, pageLoad: 300000, script: 30000}, unhandledPromptBehavior: dismiss and notify, webauthn:extension:credBlob: true, webauthn:extension:largeBlob: true, webauthn:extension:minPinLength: true, webauthn:extension:prf: true, webauthn:virtualAuthenticators: true}
Session ID: acbe9db9b87a6a76084be7774a7022aa]]>
            </message>
            <full-stacktrace>
              <![CDATA[org.openqa.selenium.NoSuchElementException: no such element: Unable to locate element: {"method":"link text","selector":"Edit your account information"}
  (Session info: chrome=121.0.6167.185)
For documentation on this error, please visit: https://www.selenium.dev/documentation/webdriver/troubleshooting/errors#no-such-element-exception
Build info: version: '4.17.0', revision: 'e52b1be057*'
System info: os.name: 'Windows 11', os.arch: 'amd64', os.version: '10.0', java.version: '17.0.8.1'
Driver info: org.openqa.selenium.chrome.ChromeDriver
Command: [acbe9db9b87a6a76084be7774a7022aa, findElement {value=Edit your account information, using=link text}]
Capabilities {acceptInsecureCerts: false, browserName: chrome, browserVersion: 121.0.6167.185, chrome: {chromedriverVersion: 121.0.6167.184 (057a8ae7deb..., userDataDir: C:\Users\Achiv\AppData\Loca...}, fedcm:accounts: true, goog:chromeOptions: {debuggerAddress: localhost:49395}, networkConnectionEnabled: false, pageLoadStrategy: normal, platformName: windows, proxy: Proxy(), se:cdp: ws://localhost:49395/devtoo..., se:cdpVersion: 121.0.6167.185, setWindowRect: true, strictFileInteractability: false, timeouts: {implicit: 0, pageLoad: 300000, script: 30000}, unhandledPromptBehavior: dismiss and notify, webauthn:extension:credBlob: true, webauthn:extension:largeBlob: true, webauthn:extension:minPinLength: true, webauthn:extension:prf: true, webauthn:virtualAuthenticators: true}
Session ID: acbe9db9b87a6a76084be7774a7022aa
at java.base/jdk.internal.reflect.NativeConstructorAccessorImpl.newInstance0(Native Method)
at java.base/jdk.internal.reflect.NativeConstructorAccessorImpl.newInstance(NativeConstructorAccessorImpl.java:77)
at java.base/jdk.internal.reflect.DelegatingConstructorAccessorImpl.newInstance(DelegatingConstructorAccessorImpl.java:45)
at java.base/java.lang.reflect.Constructor.newInstanceWithCaller(Constructor.java:499)
at java.base/java.lang.reflect.Constructor.newInstance(Constructor.java:480)
at org.openqa.selenium.remote.codec.w3c.W3CHttpResponseCodec.createException(W3CHttpResponseCodec.java:185)
at org.openqa.selenium.remote.codec.w3c.W3CHttpResponseCodec.decode(W3CHttpResponseCodec.java:134)
at org.openqa.selenium.remote.codec.w3c.W3CHttpResponseCodec.decode(W3CHttpResponseCodec.java:51)
at org.openqa.selenium.remote.HttpCommandExecutor.execute(HttpCommandExecutor.java:190)
at org.openqa.selenium.remote.service.DriverCommandExecutor.invokeExecute(DriverCommandExecutor.java:216)
at org.openqa.selenium.remote.service.DriverCommandExecutor.execute(DriverCommandExecutor.java:174)
at org.openqa.selenium.remote.RemoteWebDriver.execute(RemoteWebDriver.java:519)
at org.openqa.selenium.remote.ElementLocation$ElementFinder$2.findElement(ElementLocation.java:165)
at org.openqa.selenium.remote.ElementLocation.findElement(ElementLocation.java:59)
at org.openqa.selenium.remote.RemoteWebDriver.findElement(RemoteWebDriver.java:356)
at org.openqa.selenium.remote.RemoteWebDriver.findElement(RemoteWebDriver.java:350)
at org.openqa.selenium.support.pagefactory.DefaultElementLocator.findElement(DefaultElementLocator.java:68)
at org.openqa.selenium.support.pagefactory.internal.LocatingElementHandler.invoke(LocatingElementHandler.java:38)
at jdk.proxy2/jdk.proxy2.$Proxy16.isDisplayed(Unknown Source)
at com.TutorialNinja.QA.PageObjects.AccountPage.VerifyDispalystatusofEditYourAccountInformationOption(AccountPage.java:26)
at com.TutorialNinja.QA.Testcases.LoginTest.LoginintotheApplicationWithValidCredential(LoginTest.java:60)
at java.base/jdk.internal.reflect.NativeMethodAccessorImpl.invoke0(Native Method)
at java.base/jdk.internal.reflect.NativeMethodAccessorImpl.invoke(NativeMethodAccessorImpl.java:77)
at java.base/jdk.internal.reflect.DelegatingMethodAccessorImpl.invoke(DelegatingMethodAccessorImpl.java:43)
at java.base/java.lang.reflect.Method.invoke(Method.java:568)
at org.testng.internal.invokers.MethodInvocationHelper.invokeMethod(MethodInvocationHelper.java:139)
at org.testng.internal.invokers.TestInvoker.invokeMethod(TestInvoker.java:664)
at org.testng.internal.invokers.TestInvoker.invokeTestMethod(TestInvoker.java:227)
at org.testng.internal.invokers.MethodRunner.runInSequence(MethodRunner.java:50)
at org.testng.internal.invokers.TestInvoker$MethodInvocationAgent.invoke(TestInvoker.java:957)
at org.testng.internal.invokers.TestInvoker.invokeTestMethods(TestInvoker.java:200)
at org.testng.internal.invokers.TestMethodWorker.invokeTestMethods(TestMethodWorker.java:148)
at org.testng.internal.invokers.TestMethodWorker.run(TestMethodWorker.java:128)
at java.base/java.util.ArrayList.forEach(ArrayList.java:1511)
at org.testng.TestRunner.privateRun(TestRunner.java:848)
at org.testng.TestRunner.run(TestRunner.java:621)
at org.testng.SuiteRunner.runTest(SuiteRunner.java:443)
at org.testng.SuiteRunner.runSequentially(SuiteRunner.java:437)
at org.testng.SuiteRunner.privateRun(SuiteRunner.java:397)
at org.testng.SuiteRunner.run(SuiteRunner.java:336)
at org.testng.SuiteRunnerWorker.runSuite(SuiteRunnerWorker.java:52)
at org.testng.SuiteRunnerWorker.run(SuiteRunnerWorker.java:95)
at org.testng.TestNG.runSuitesSequentially(TestNG.java:1280)
at org.testng.TestNG.runSuitesLocally(TestNG.java:1200)
at org.testng.TestNG.runSuites(TestNG.java:1114)
at org.testng.TestNG.run(TestNG.java:1082)
at org.testng.remote.AbstractRemoteTestNG.run(AbstractRemoteTestNG.java:115)
at org.testng.remote.RemoteTestNG.initAndRun(RemoteTestNG.java:251)
at org.testng.remote.RemoteTestNG.main(RemoteTestNG.java:77)
]]>
            </full-stacktrace>
          </exception> <!-- org.openqa.selenium.NoSuchElementException -->
          <reporter-output>
          </reporter-output>
        </test-method> <!-- LoginintotheApplicationWithValidCredential -->
        <test-method is-config="true" signature="tearDown()[pri:0, instance:com.TutorialNinja.QA.Testcases.LoginTest@712625fd]" started-at="2024-02-18T10:42:50 IST" name="tearDown" finished-at="2024-02-18T10:42:50 IST" duration-ms="329" status="PASS">
          <reporter-output>
          </reporter-output>
        </test-method> <!-- tearDown -->
        <test-method is-config="true" signature="StartUp()[pri:0, instance:com.TutorialNinja.QA.Testcases.LoginTest@712625fd]" started-at="2024-02-18T10:42:50 IST" name="StartUp" finished-at="2024-02-18T10:42:52 IST" duration-ms="1951" status="PASS">
          <reporter-output>
          </reporter-output>
        </test-method> <!-- StartUp -->
        <test-method signature="LoginintotheApplicationWithValidCredential(java.lang.String,java.lang.String)[pri:1, instance:com.TutorialNinja.QA.Testcases.LoginTest@712625fd]" started-at="2024-02-18T10:42:52 IST" name="LoginintotheApplicationWithValidCredential" data-provider="supplyTestData" finished-at="2024-02-18T10:43:02 IST" duration-ms="10643" status="FAIL">
          <params>
            <param index="0">
              <value>
                <![CDATA[Sachingowda21mar@gmail.com]]>
              </value>
            </param>
            <param index="1">
              <value>
                <![CDATA[1234]]>
              </value>
            </param>
          </params>
          <exception class="org.openqa.selenium.NoSuchElementException">
            <message>
              <![CDATA[no such element: Unable to locate element: {"method":"link text","selector":"Edit your account information"}
  (Session info: chrome=121.0.6167.185)
For documentation on this error, please visit: https://www.selenium.dev/documentation/webdriver/troubleshooting/errors#no-such-element-exception
Build info: version: '4.17.0', revision: 'e52b1be057*'
System info: os.name: 'Windows 11', os.arch: 'amd64', os.version: '10.0', java.version: '17.0.8.1'
Driver info: org.openqa.selenium.chrome.ChromeDriver
Command: [c88ff8d4ec9d3dda3152871c3e143272, findElement {value=Edit your account information, using=link text}]
Capabilities {acceptInsecureCerts: false, browserName: chrome, browserVersion: 121.0.6167.185, chrome: {chromedriverVersion: 121.0.6167.184 (057a8ae7deb..., userDataDir: C:\Users\Achiv\AppData\Loca...}, fedcm:accounts: true, goog:chromeOptions: {debuggerAddress: localhost:49682}, networkConnectionEnabled: false, pageLoadStrategy: normal, platformName: windows, proxy: Proxy(), se:cdp: ws://localhost:49682/devtoo..., se:cdpVersion: 121.0.6167.185, setWindowRect: true, strictFileInteractability: false, timeouts: {implicit: 0, pageLoad: 300000, script: 30000}, unhandledPromptBehavior: dismiss and notify, webauthn:extension:credBlob: true, webauthn:extension:largeBlob: true, webauthn:extension:minPinLength: true, webauthn:extension:prf: true, webauthn:virtualAuthenticators: true}
Session ID: c88ff8d4ec9d3dda3152871c3e143272]]>
            </message>
            <full-stacktrace>
              <![CDATA[org.openqa.selenium.NoSuchElementException: no such element: Unable to locate element: {"method":"link text","selector":"Edit your account information"}
  (Session info: chrome=121.0.6167.185)
For documentation on this error, please visit: https://www.selenium.dev/documentation/webdriver/troubleshooting/errors#no-such-element-exception
Build info: version: '4.17.0', revision: 'e52b1be057*'
System info: os.name: 'Windows 11', os.arch: 'amd64', os.version: '10.0', java.version: '17.0.8.1'
Driver info: org.openqa.selenium.chrome.ChromeDriver
Command: [c88ff8d4ec9d3dda3152871c3e143272, findElement {value=Edit your account information, using=link text}]
Capabilities {acceptInsecureCerts: false, browserName: chrome, browserVersion: 121.0.6167.185, chrome: {chromedriverVersion: 121.0.6167.184 (057a8ae7deb..., userDataDir: C:\Users\Achiv\AppData\Loca...}, fedcm:accounts: true, goog:chromeOptions: {debuggerAddress: localhost:49682}, networkConnectionEnabled: false, pageLoadStrategy: normal, platformName: windows, proxy: Proxy(), se:cdp: ws://localhost:49682/devtoo..., se:cdpVersion: 121.0.6167.185, setWindowRect: true, strictFileInteractability: false, timeouts: {implicit: 0, pageLoad: 300000, script: 30000}, unhandledPromptBehavior: dismiss and notify, webauthn:extension:credBlob: true, webauthn:extension:largeBlob: true, webauthn:extension:minPinLength: true, webauthn:extension:prf: true, webauthn:virtualAuthenticators: true}
Session ID: c88ff8d4ec9d3dda3152871c3e143272
at java.base/jdk.internal.reflect.NativeConstructorAccessorImpl.newInstance0(Native Method)
at java.base/jdk.internal.reflect.NativeConstructorAccessorImpl.newInstance(NativeConstructorAccessorImpl.java:77)
at java.base/jdk.internal.reflect.DelegatingConstructorAccessorImpl.newInstance(DelegatingConstructorAccessorImpl.java:45)
at java.base/java.lang.reflect.Constructor.newInstanceWithCaller(Constructor.java:499)
at java.base/java.lang.reflect.Constructor.newInstance(Constructor.java:480)
at org.openqa.selenium.remote.codec.w3c.W3CHttpResponseCodec.createException(W3CHttpResponseCodec.java:185)
at org.openqa.selenium.remote.codec.w3c.W3CHttpResponseCodec.decode(W3CHttpResponseCodec.java:134)
at org.openqa.selenium.remote.codec.w3c.W3CHttpResponseCodec.decode(W3CHttpResponseCodec.java:51)
at org.openqa.selenium.remote.HttpCommandExecutor.execute(HttpCommandExecutor.java:190)
at org.openqa.selenium.remote.service.DriverCommandExecutor.invokeExecute(DriverCommandExecutor.java:216)
at org.openqa.selenium.remote.service.DriverCommandExecutor.execute(DriverCommandExecutor.java:174)
at org.openqa.selenium.remote.RemoteWebDriver.execute(RemoteWebDriver.java:519)
at org.openqa.selenium.remote.ElementLocation$ElementFinder$2.findElement(ElementLocation.java:165)
at org.openqa.selenium.remote.ElementLocation.findElement(ElementLocation.java:59)
at org.openqa.selenium.remote.RemoteWebDriver.findElement(RemoteWebDriver.java:356)
at org.openqa.selenium.remote.RemoteWebDriver.findElement(RemoteWebDriver.java:350)
at org.openqa.selenium.support.pagefactory.DefaultElementLocator.findElement(DefaultElementLocator.java:68)
at org.openqa.selenium.support.pagefactory.internal.LocatingElementHandler.invoke(LocatingElementHandler.java:38)
at jdk.proxy2/jdk.proxy2.$Proxy16.isDisplayed(Unknown Source)
at com.TutorialNinja.QA.PageObjects.AccountPage.VerifyDispalystatusofEditYourAccountInformationOption(AccountPage.java:26)
at com.TutorialNinja.QA.Testcases.LoginTest.LoginintotheApplicationWithValidCredential(LoginTest.java:60)
at java.base/jdk.internal.reflect.NativeMethodAccessorImpl.invoke0(Native Method)
at java.base/jdk.internal.reflect.NativeMethodAccessorImpl.invoke(NativeMethodAccessorImpl.java:77)
at java.base/jdk.internal.reflect.DelegatingMethodAccessorImpl.invoke(DelegatingMethodAccessorImpl.java:43)
at java.base/java.lang.reflect.Method.invoke(Method.java:568)
at org.testng.internal.invokers.MethodInvocationHelper.invokeMethod(MethodInvocationHelper.java:139)
at org.testng.internal.invokers.TestInvoker.invokeMethod(TestInvoker.java:664)
at org.testng.internal.invokers.TestInvoker.invokeTestMethod(TestInvoker.java:227)
at org.testng.internal.invokers.MethodRunner.runInSequence(MethodRunner.java:50)
at org.testng.internal.invokers.TestInvoker$MethodInvocationAgent.invoke(TestInvoker.java:957)
at org.testng.internal.invokers.TestInvoker.invokeTestMethods(TestInvoker.java:200)
at org.testng.internal.invokers.TestMethodWorker.invokeTestMethods(TestMethodWorker.java:148)
at org.testng.internal.invokers.TestMethodWorker.run(TestMethodWorker.java:128)
at java.base/java.util.ArrayList.forEach(ArrayList.java:1511)
at org.testng.TestRunner.privateRun(TestRunner.java:848)
at org.testng.TestRunner.run(TestRunner.java:621)
at org.testng.SuiteRunner.runTest(SuiteRunner.java:443)
at org.testng.SuiteRunner.runSequentially(SuiteRunner.java:437)
at org.testng.SuiteRunner.privateRun(SuiteRunner.java:397)
at org.testng.SuiteRunner.run(SuiteRunner.java:336)
at org.testng.SuiteRunnerWorker.runSuite(SuiteRunnerWorker.java:52)
at org.testng.SuiteRunnerWorker.run(SuiteRunnerWorker.java:95)
at org.testng.TestNG.runSuitesSequentially(TestNG.java:1280)
at org.testng.TestNG.runSuitesLocally(TestNG.java:1200)
at org.testng.TestNG.runSuites(TestNG.java:1114)
at org.testng.TestNG.run(TestNG.java:1082)
at org.testng.remote.AbstractRemoteTestNG.run(AbstractRemoteTestNG.java:115)
at org.testng.remote.RemoteTestNG.initAndRun(RemoteTestNG.java:251)
at org.testng.remote.RemoteTestNG.main(RemoteTestNG.java:77)
]]>
            </full-stacktrace>
          </exception> <!-- org.openqa.selenium.NoSuchElementException -->
          <reporter-output>
          </reporter-output>
        </test-method> <!-- LoginintotheApplicationWithValidCredential -->
        <test-method is-config="true" signature="tearDown()[pri:0, instance:com.TutorialNinja.QA.Testcases.LoginTest@712625fd]" started-at="2024-02-18T10:43:03 IST" name="tearDown" finished-at="2024-02-18T10:43:03 IST" duration-ms="391" status="PASS">
          <reporter-output>
          </reporter-output>
        </test-method> <!-- tearDown -->
        <test-method signature="LoginintotheApplicationWithInvalidCredential()[pri:2, instance:com.TutorialNinja.QA.Testcases.LoginTest@712625fd]" started-at="2024-02-18T10:43:03 IST" name="LoginintotheApplicationWithInvalidCredential" finished-at="2024-02-18T10:43:03 IST" depends-on-methods="com.TutorialNinja.QA.Testcases.LoginTest.LoginintotheApplicationWithValidCredential" duration-ms="0" status="SKIP">
          <exception class="java.lang.Throwable">
            <message>
              <![CDATA[Method com.TutorialNinja.QA.Testcases.LoginTest.LoginintotheApplicationWithInvalidCredential() on instance com.TutorialNinja.QA.Testcases.LoginTest@712625fd depends on not successfully finished methods 
[com.TutorialNinja.QA.Testcases.LoginTest.LoginintotheApplicationWithValidCredential() on instance com.TutorialNinja.QA.Testcases.LoginTest@712625fd]]]>
            </message>
            <full-stacktrace>
              <![CDATA[java.lang.Throwable: Method com.TutorialNinja.QA.Testcases.LoginTest.LoginintotheApplicationWithInvalidCredential() on instance com.TutorialNinja.QA.Testcases.LoginTest@712625fd depends on not successfully finished methods 
[com.TutorialNinja.QA.Testcases.LoginTest.LoginintotheApplicationWithValidCredential() on instance com.TutorialNinja.QA.Testcases.LoginTest@712625fd]
at org.testng.internal.invokers.TestInvoker.invokeTestMethods(TestInvoker.java:156)
at org.testng.internal.invokers.TestMethodWorker.invokeTestMethods(TestMethodWorker.java:148)
at org.testng.internal.invokers.TestMethodWorker.run(TestMethodWorker.java:128)
at java.base/java.util.ArrayList.forEach(ArrayList.java:1511)
at org.testng.TestRunner.privateRun(TestRunner.java:848)
at org.testng.TestRunner.run(TestRunner.java:621)
at org.testng.SuiteRunner.runTest(SuiteRunner.java:443)
at org.testng.SuiteRunner.runSequentially(SuiteRunner.java:437)
at org.testng.SuiteRunner.privateRun(SuiteRunner.java:397)
at org.testng.SuiteRunner.run(SuiteRunner.java:336)
at org.testng.SuiteRunnerWorker.runSuite(SuiteRunnerWorker.java:52)
at org.testng.SuiteRunnerWorker.run(SuiteRunnerWorker.java:95)
at org.testng.TestNG.runSuitesSequentially(TestNG.java:1280)
at org.testng.TestNG.runSuitesLocally(TestNG.java:1200)
at org.testng.TestNG.runSuites(TestNG.java:1114)
at org.testng.TestNG.run(TestNG.java:1082)
at org.testng.remote.AbstractRemoteTestNG.run(AbstractRemoteTestNG.java:115)
at org.testng.remote.RemoteTestNG.initAndRun(RemoteTestNG.java:251)
at org.testng.remote.RemoteTestNG.main(RemoteTestNG.java:77)
]]>
            </full-stacktrace>
          </exception> <!-- java.lang.Throwable -->
          <reporter-output>
          </reporter-output>
        </test-method> <!-- LoginintotheApplicationWithInvalidCredential -->
        <test-method is-config="true" signature="StartUp()[pri:0, instance:com.TutorialNinja.QA.Testcases.LoginTest@712625fd]" started-at="2024-02-18T10:43:03 IST" name="StartUp" finished-at="2024-02-18T10:43:05 IST" duration-ms="2082" status="PASS">
          <reporter-output>
          </reporter-output>
        </test-method> <!-- StartUp -->
        <test-method signature="LoginintotheApplicationWithInvalidEmailAndValidPassword()[pri:3, instance:com.TutorialNinja.QA.Testcases.LoginTest@712625fd]" started-at="2024-02-18T10:43:05 IST" name="LoginintotheApplicationWithInvalidEmailAndValidPassword" finished-at="2024-02-18T10:43:06 IST" duration-ms="797" status="PASS">
          <reporter-output>
          </reporter-output>
        </test-method> <!-- LoginintotheApplicationWithInvalidEmailAndValidPassword -->
        <test-method is-config="true" signature="tearDown()[pri:0, instance:com.TutorialNinja.QA.Testcases.LoginTest@712625fd]" started-at="2024-02-18T10:43:06 IST" name="tearDown" finished-at="2024-02-18T10:43:06 IST" duration-ms="367" status="PASS">
          <reporter-output>
          </reporter-output>
        </test-method> <!-- tearDown -->
        <test-method is-config="true" signature="StartUp()[pri:0, instance:com.TutorialNinja.QA.Testcases.LoginTest@712625fd]" started-at="2024-02-18T10:43:06 IST" name="StartUp" finished-at="2024-02-18T10:43:09 IST" duration-ms="3102" status="PASS">
          <reporter-output>
          </reporter-output>
        </test-method> <!-- StartUp -->
        <test-method signature="LoginintotheApplicationWithValidEmailAndInvalidPassword()[pri:4, instance:com.TutorialNinja.QA.Testcases.LoginTest@712625fd]" started-at="2024-02-18T10:43:09 IST" name="LoginintotheApplicationWithValidEmailAndInvalidPassword" finished-at="2024-02-18T10:43:10 IST" duration-ms="586" status="PASS">
          <reporter-output>
          </reporter-output>
        </test-method> <!-- LoginintotheApplicationWithValidEmailAndInvalidPassword -->
        <test-method is-config="true" signature="tearDown()[pri:0, instance:com.TutorialNinja.QA.Testcases.LoginTest@712625fd]" started-at="2024-02-18T10:43:10 IST" name="tearDown" finished-at="2024-02-18T10:43:10 IST" duration-ms="316" status="PASS">
          <reporter-output>
          </reporter-output>
        </test-method> <!-- tearDown -->
        <test-method is-config="true" signature="StartUp()[pri:0, instance:com.TutorialNinja.QA.Testcases.LoginTest@712625fd]" started-at="2024-02-18T10:43:10 IST" name="StartUp" finished-at="2024-02-18T10:43:12 IST" duration-ms="2031" status="PASS">
          <reporter-output>
          </reporter-output>
        </test-method> <!-- StartUp -->
        <test-method signature="LoginintotheApplicationWithoutGivingCredentials()[pri:5, instance:com.TutorialNinja.QA.Testcases.LoginTest@712625fd]" started-at="2024-02-18T10:43:12 IST" name="LoginintotheApplicationWithoutGivingCredentials" finished-at="2024-02-18T10:43:13 IST" duration-ms="465" status="PASS">
          <reporter-output>
          </reporter-output>
        </test-method> <!-- LoginintotheApplicationWithoutGivingCredentials -->
        <test-method is-config="true" signature="tearDown()[pri:0, instance:com.TutorialNinja.QA.Testcases.LoginTest@712625fd]" started-at="2024-02-18T10:43:13 IST" name="tearDown" finished-at="2024-02-18T10:43:13 IST" duration-ms="269" status="PASS">
          <reporter-output>
          </reporter-output>
        </test-method> <!-- tearDown -->
      </class> <!-- com.TutorialNinja.QA.Testcases.LoginTest -->
    </test> <!-- TutorialNinjaTestcases -->
  </suite> <!-- TutorialsNinjaAutomationSuite -->
</testng-results>
